EDAScraper:INFO - *****EDAScraper started*****
EDAScraper:INFO - Fetching settings...
EDAScraper:INFO - Scraping schools from 
EDAScraper:INFO - Page: 1 || Schools Found: 30 || Total schools: 30
EDAScraper:INFO - Page: 2 || Schools Found: 30 || Total schools: 60
EDAScraper:INFO - Page: 3 || Schools Found: 30 || Total schools: 90
EDAScraper:INFO - Page: 4 || Schools Found: 30 || Total schools: 120
EDAScraper:INFO - Page: 5 || Schools Found: 30 || Total schools: 150
EDAScraper:INFO - Page: 6 || Schools Found: 30 || Total schools: 180
EDAScraper:INFO - Page: 7 || Schools Found: 30 || Total schools: 210
EDAScraper:INFO - Page: 8 || Schools Found: 30 || Total schools: 240
EDAScraper:INFO - Page: 9 || Schools Found: 30 || Total schools: 270
EDAScraper:INFO - Page: 10 || Schools Found: 30 || Total schools: 300
EDAScraper:INFO - Saving records to csv...
EDAScraper:INFO - 300 records saved.
EDAScraper:INFO - Page: 11 || Schools Found: 30 || Total schools: 330
EDAScraper:INFO - Page: 12 || Schools Found: 30 || Total schools: 360
EDAScraper:INFO - Page: 13 || Schools Found: 30 || Total schools: 390
EDAScraper:INFO - Page: 14 || Schools Found: 30 || Total schools: 420
EDAScraper:INFO - Page: 15 || Schools Found: 30 || Total schools: 450
EDAScraper:INFO - Page: 16 || Schools Found: 30 || Total schools: 480
EDAScraper:INFO - Page: 17 || Schools Found: 30 || Total schools: 510
EDAScraper:INFO - Page: 18 || Schools Found: 30 || Total schools: 540
EDAScraper:INFO - Page: 19 || Schools Found: 30 || Total schools: 570
EDAScraper:INFO - Page: 20 || Schools Found: 30 || Total schools: 600
EDAScraper:INFO - Saving records to csv...
EDAScraper:INFO - 600 records saved.
EDAScraper:INFO - Page: 21 || Schools Found: 30 || Total schools: 630
EDAScraper:INFO - Page: 22 || Schools Found: 30 || Total schools: 660
EDAScraper:INFO - Page: 23 || Schools Found: 30 || Total schools: 690
EDAScraper:INFO - Page: 24 || Schools Found: 30 || Total schools: 720
EDAScraper:INFO - Page: 25 || Schools Found: 30 || Total schools: 750
EDAScraper:INFO - Page: 26 || Schools Found: 30 || Total schools: 780
EDAScraper:INFO - Page: 27 || Schools Found: 30 || Total schools: 810
EDAScraper:INFO - Page: 28 || Schools Found: 30 || Total schools: 840
EDAScraper:INFO - Page: 29 || Schools Found: 30 || Total schools: 870
EDAScraper:INFO - Page: 30 || Schools Found: 30 || Total schools: 900
EDAScraper:INFO - Saving records to csv...
EDAScraper:INFO - 900 records saved.
EDAScraper:INFO - Page: 31 || Schools Found: 30 || Total schools: 930
EDAScraper:INFO - Page: 32 || Schools Found: 30 || Total schools: 960
EDAScraper:INFO - Page: 33 || Schools Found: 30 || Total schools: 990
EDAScraper:INFO - Page: 34 || Schools Found: 30 || Total schools: 1020
EDAScraper:INFO - Page: 35 || Schools Found: 30 || Total schools: 1050
EDAScraper:INFO - Page: 36 || Schools Found: 30 || Total schools: 1080
EDAScraper:INFO - Page: 37 || Schools Found: 30 || Total schools: 1110
EDAScraper:INFO - Page: 38 || Schools Found: 30 || Total schools: 1140
EDAScraper:INFO - Page: 39 || Schools Found: 30 || Total schools: 1170
EDAScraper:INFO - Page: 40 || Schools Found: 30 || Total schools: 1200
EDAScraper:INFO - Saving records to csv...
EDAScraper:INFO - 1200 records saved.
EDAScraper:INFO - Page: 41 || Schools Found: 30 || Total schools: 1230
EDAScraper:INFO - Page: 42 || Schools Found: 30 || Total schools: 1260
EDAScraper:INFO - Page: 43 || Schools Found: 30 || Total schools: 1290
EDAScraper:INFO - Page: 44 || Schools Found: 30 || Total schools: 1320
EDAScraper:INFO - Page: 45 || Schools Found: 30 || Total schools: 1350
EDAScraper:INFO - Page: 46 || Schools Found: 30 || Total schools: 1380
EDAScraper:INFO - Page: 47 || Schools Found: 2 || Total schools: 1382
EDAScraper:INFO - Saving records to csv...
EDAScraper:INFO - 1382 records saved.
